#
# There is insufficient memory for the Java Runtime Environment to continue.
# Native memory allocation (malloc) failed to allocate 32744 bytes for ChunkPool::allocate
# Possible reasons:
#   The system is out of physical RAM or swap space
#   The process is running with CompressedOops enabled, and the Java Heap may be blocking the growth of the native heap
# Possible solutions:
#   Reduce memory load on the system
#   Increase physical memory or swap space
#   Check if swap backing store is full
#   Decrease Java heap size (-Xmx/-Xms)
#   Decrease number of Java threads
#   Decrease Java thread stack sizes (-Xss)
#   Set larger code cache with -XX:ReservedCodeCacheSize=
#   JVM is running with Unscaled Compressed Oops mode in which the Java heap is
#     placed in the first 4GB address space. The Java Heap base address is the
#     maximum limit for the native heap growth. Please use -XX:HeapBaseMinAddress
#     to set the Java Heap base and to place the Java Heap above 4GB virtual address.
# This output file may be truncated or incomplete.
#
#  Out of Memory Error (arena.cpp:78), pid=9748, tid=4608
#
# JRE version: OpenJDK Runtime Environment Temurin-17.0.7+7 (17.0.7+7) (build 17.0.7+7)
# Java VM: OpenJDK 64-Bit Server VM Temurin-17.0.7+7 (17.0.7+7, mixed mode, tiered, compressed oops, compressed class ptrs, serial gc, windows-amd64)
# Core dump will be written. Default location: C:\Users\Administrator.SERI\eclipse-workspace\IIQAutProject\hs_err_pid9748.mdmp
#

---------------  S U M M A R Y ------------

Command Line: -ea -Dfile.encoding=UTF-8 -XX:+ShowCodeDetailsInExceptionMessages org.testng.remote.RemoteTestNG -serport 51047 -protocol json -d C:\Users\Administrator.SERI\eclipse-workspace\IIQAutProject\test-output C:\Users\ADMINI~1.SER\AppData\Local\Temp\1\testng-eclipse-1151373153\testng-customsuite.xml

Host: 11th Gen Intel(R) Core(TM) i5-1135G7 @ 2.40GHz, 3 cores, 1G,  Windows Server 2019 , 64 bit Build 17763 (10.0.17763.3287)
Time: Fri May  5 02:00:59 2023 Central Daylight Time elapsed time: 77.405508 seconds (0d 0h 1m 17s)

---------------  T H R E A D  ---------------

Current thread (0x000002cc29afd5b0):  JavaThread "C1 CompilerThread0" daemon [_thread_in_native, id=4608, stack(0x000000fa90a00000,0x000000fa90b00000)]


Current CompileTask:
C1:  77410 1939       3       java.lang.invoke.MethodType::dropParameterTypes (162 bytes)

Stack: [0x000000fa90a00000,0x000000fa90b00000]
Native frames: (J=compiled Java code, j=interpreted, Vv=VM code, C=native code)
V  [jvm.dll+0x67754a]
V  [jvm.dll+0x834304]
V  [jvm.dll+0x835aae]
V  [jvm.dll+0x836113]
V  [jvm.dll+0x24696f]
V  [jvm.dll+0xac2cc]
V  [jvm.dll+0xac67c]
V  [jvm.dll+0x178cef]
V  [jvm.dll+0x17b351]
V  [jvm.dll+0x135ae3]
V  [jvm.dll+0x1353df]
V  [jvm.dll+0x135616]
V  [jvm.dll+0x134aaa]
V  [jvm.dll+0x136771]
V  [jvm.dll+0x2284da]
V  [jvm.dll+0x226615]
V  [jvm.dll+0x7ea90b]
V  [jvm.dll+0x7e4e7a]
V  [jvm.dll+0x676395]
C  [ucrtbase.dll+0x2268a]
C  [KERNEL32.DLL+0x17974]
C  [ntdll.dll+0x5a371]


---------------  P R O C E S S  ---------------

Threads class SMR info:
_java_thread_list=0x000002cc3c67e420, length=20, elements={
0x000002cc29f882e0, 0x000002cc29aa6060, 0x000002cc29aa6de0, 0x000002cc29aec290,
0x000002cc29aecf10, 0x000002cc29aefc90, 0x000002cc29af9610, 0x000002cc29afb360,
0x000002cc29afd5b0, 0x000002cc29b06b50, 0x000002cc3c6ed3d0, 0x000002cc3c6f60e0,
0x000002cc4165ebc0, 0x000002cc41e7e010, 0x000002cc42274450, 0x000002cc41268460,
0x000002cc27d6fbe0, 0x000002cc413ae6a0, 0x000002cc4121be50, 0x000002cc4121d190
}

Java Threads: ( => current thread )
  0x000002cc29f882e0 JavaThread "Forwarding newSession on session null to remote" [_thread_blocked, id=5116, stack(0x000000fa90100000,0x000000fa90200000)]
  0x000002cc29aa6060 JavaThread "Reference Handler" daemon [_thread_blocked, id=5672, stack(0x000000fa90300000,0x000000fa90400000)]
  0x000002cc29aa6de0 JavaThread "Finalizer" daemon [_thread_blocked, id=8132, stack(0x000000fa90400000,0x000000fa90500000)]
  0x000002cc29aec290 JavaThread "Signal Dispatcher" daemon [_thread_blocked, id=1080, stack(0x000000fa90500000,0x000000fa90600000)]
  0x000002cc29aecf10 JavaThread "Attach Listener" daemon [_thread_blocked, id=9420, stack(0x000000fa90600000,0x000000fa90700000)]
  0x000002cc29aefc90 JavaThread "Service Thread" daemon [_thread_blocked, id=6288, stack(0x000000fa90700000,0x000000fa90800000)]
  0x000002cc29af9610 JavaThread "Monitor Deflation Thread" daemon [_thread_blocked, id=8636, stack(0x000000fa90800000,0x000000fa90900000)]
  0x000002cc29afb360 JavaThread "C2 CompilerThread0" daemon [_thread_blocked, id=4764, stack(0x000000fa90900000,0x000000fa90a00000)]
=>0x000002cc29afd5b0 JavaThread "C1 CompilerThread0" daemon [_thread_in_native, id=4608, stack(0x000000fa90a00000,0x000000fa90b00000)]
  0x000002cc29b06b50 JavaThread "Sweeper thread" daemon [_thread_blocked, id=116, stack(0x000000fa90b00000,0x000000fa90c00000)]
  0x000002cc3c6ed3d0 JavaThread "Notification Thread" daemon [_thread_blocked, id=9796, stack(0x000000fa90c00000,0x000000fa90d00000)]
  0x000002cc3c6f60e0 JavaThread "Common-Cleaner" daemon [_thread_blocked, id=8388, stack(0x000000fa90e00000,0x000000fa90f00000)]
  0x000002cc4165ebc0 JavaThread "ReaderThread" [_thread_in_native, id=1984, stack(0x000000fa91000000,0x000000fa91100000)]
  0x000002cc41e7e010 JavaThread "ForkJoinPool.commonPool-worker-1" daemon [_thread_blocked, id=1636, stack(0x000000fa91100000,0x000000fa91200000)]
  0x000002cc42274450 JavaThread "AsyncHttpClient-1-1" daemon [_thread_blocked, id=9672, stack(0x000000fa91200000,0x000000fa91300000)]
  0x000002cc41268460 JavaThread "Exec Default Executor" daemon [_thread_in_native, id=8984, stack(0x000000fa91300000,0x000000fa91400000)]
  0x000002cc27d6fbe0 JavaThread "Exec Stream Pumper" daemon [_thread_in_native, id=9432, stack(0x000000fa8fe00000,0x000000fa8ff00000)]
  0x000002cc413ae6a0 JavaThread "Exec Stream Pumper" daemon [_thread_in_native, id=10056, stack(0x000000fa8ff00000,0x000000fa90000000)]
  0x000002cc4121be50 JavaThread "Driver Service Executor" daemon [_thread_in_vm, id=10068, stack(0x000000fa90000000,0x000000fa90100000)]
  0x000002cc4121d190 JavaThread "Driver Service Executor" daemon [_thread_blocked, id=9060, stack(0x000000fa91400000,0x000000fa91500000)]

Other Threads:
  0x000002cc2a004580 VMThread "VM Thread" [stack: 0x000000fa90200000,0x000000fa90300000] [id=4496] _threads_hazard_ptr=0x000002cc3c67e420
  0x000002cc3c6ed8a0 WatcherThread [stack: 0x000000fa90d00000,0x000000fa90e00000] [id=8392]

Threads with active compile tasks:
C1 CompilerThread0    77893 1939       3       java.lang.invoke.MethodType::dropParameterTypes (162 bytes)

VM state: synchronizing (normal execution)

VM Mutex/Monitor currently owned by a thread:  ([mutex/lock_event])
[0x000002cc29f82310] Threads_lock - owner thread: 0x000002cc2a004580

Heap address: 0x00000000ea800000, size: 344 MB, Compressed Oops mode: 32-bit

CDS archive(s) not mapped
Compressed class space mapped at: 0x0000000100000000-0x0000000140000000, reserved size: 1073741824
Narrow klass base: 0x0000000000000000, Narrow klass shift: 3, Narrow klass range: 0x140000000

GC Precious Log:
 CPUs: 3 total, 3 available
 Memory: 1368M
 Large Page Support: Disabled
 NUMA Support: Disabled
 Compressed Oops: Enabled (32-bit)
 Heap Min Capacity: 8M
 Heap Initial Capacity: 22M
 Heap Max Capacity: 344M
 Pre-touch: Disabled

Heap:
 def new generation   total 6848K, used 3277K [0x00000000ea800000, 0x00000000eaf60000, 0x00000000f1aa0000)
  eden space 6144K,  45% used [0x00000000ea800000, 0x00000000eaab39c8, 0x00000000eae00000)
  from space 704K,  72% used [0x00000000eaeb0000, 0x00000000eaf2fd18, 0x00000000eaf60000)
  to   space 704K,   0% used [0x00000000eae00000, 0x00000000eae00000, 0x00000000eaeb0000)
 tenured generation   total 15040K, used 7787K [0x00000000f1aa0000, 0x00000000f2950000, 0x0000000100000000)
   the space 15040K,  51% used [0x00000000f1aa0000, 0x00000000f223af58, 0x00000000f223b000, 0x00000000f2950000)
 Metaspace       used 24657K, committed 24960K, reserved 1114112K
  class space    used 2672K, committed 2816K, reserved 1048576K

Card table byte_map: [0x000002cc29670000,0x000002cc29720000] _byte_map_base: 0x000002cc28f1c000

Polling page: 0x000002cc29610000

Metaspace:

Usage:
  Non-class:     21.47 MB used.
      Class:      2.61 MB used.
       Both:     24.08 MB used.

Virtual space:
  Non-class space:       64.00 MB reserved,      21.63 MB ( 34%) committed,  1 nodes.
      Class space:        1.00 GB reserved,       2.75 MB ( <1%) committed,  1 nodes.
             Both:        1.06 GB reserved,      24.38 MB (  2%) committed. 

Chunk freelists:
   Non-Class:  9.72 MB
       Class:  13.27 MB
        Both:  22.98 MB

MaxMetaspaceSize: unlimited
CompressedClassSpaceSize: 1.00 GB
Initial GC threshold: 21.00 MB
Current GC threshold: 35.00 MB
CDS: off
MetaspaceReclaimPolicy: balanced
 - commit_granule_bytes: 65536.
 - commit_granule_words: 8192.
 - virtual_space_node_default_size: 8388608.
 - enlarge_chunks_in_place: 1.
 - new_chunks_are_fully_committed: 0.
 - uncommit_free_chunks: 1.
 - use_allocation_guard: 0.
 - handle_deallocations: 1.


Internal statistics:

num_allocs_failed_limit: 3.
num_arena_births: 268.
num_arena_deaths: 0.
num_vsnodes_births: 2.
num_vsnodes_deaths: 0.
num_space_committed: 390.
num_space_uncommitted: 0.
num_chunks_returned_to_freelist: 3.
num_chunks_taken_from_freelist: 681.
num_chunk_merges: 0.
num_chunk_splits: 435.
num_chunks_enlarged: 313.
num_inconsistent_stats: 0.

CodeHeap 'non-profiled nmethods': size=120064Kb used=669Kb max_used=669Kb free=119394Kb
 bounds [0x000002cc350e0000, 0x000002cc35350000, 0x000002cc3c620000]
CodeHeap 'profiled nmethods': size=120000Kb used=3525Kb max_used=3525Kb free=116474Kb
 bounds [0x000002cc2d620000, 0x000002cc2d9a0000, 0x000002cc34b50000]
CodeHeap 'non-nmethods': size=5696Kb used=1242Kb max_used=1259Kb free=4453Kb
 bounds [0x000002cc34b50000, 0x000002cc34dc0000, 0x000002cc350e0000]
 total_blobs=2487 nmethods=1938 adapters=463
 compilation: enabled
              stopped_count=0, restarted_count=0
 full_count=0

Compilation events (20 events):
Event: 65.663 Thread 0x000002cc29afd5b0 nmethod 1928 0x000002cc2d98f310 code [0x000002cc2d98f4a0, 0x000002cc2d98f678]
Event: 65.663 Thread 0x000002cc29afd5b0 1929       3       io.netty.util.internal.shaded.org.jctools.util.UnsafeRefArrayAccess::lvRefElement (9 bytes)
Event: 65.664 Thread 0x000002cc29afd5b0 nmethod 1929 0x000002cc2d98f710 code [0x000002cc2d98f8a0, 0x000002cc2d98fa58]
Event: 66.144 Thread 0x000002cc29afd5b0 1930       1       io.netty.util.HashedWheelTimer::access$1000 (5 bytes)
Event: 66.144 Thread 0x000002cc29afd5b0 nmethod 1930 0x000002cc35186b90 code [0x000002cc35186d20, 0x000002cc35186dd8]
Event: 74.997 Thread 0x000002cc29afd5b0 1932       3       java.io.PrintStream::ensureOpen (18 bytes)
Event: 75.018 Thread 0x000002cc29afd5b0 nmethod 1932 0x000002cc2d98fb10 code [0x000002cc2d98fcc0, 0x000002cc2d98fec8]
Event: 75.018 Thread 0x000002cc29afd5b0 1933       3       org.openqa.selenium.io.MultiOutputStream::write (24 bytes)
Event: 75.056 Thread 0x000002cc29afd5b0 nmethod 1933 0x000002cc2d98ff90 code [0x000002cc2d990140, 0x000002cc2d990418]
Event: 75.145 Thread 0x000002cc29afd5b0 1934       3       java.util.concurrent.atomic.AtomicIntegerFieldUpdater$AtomicIntegerFieldUpdaterImpl::accessCheck (17 bytes)
Event: 75.154 Thread 0x000002cc29afd5b0 nmethod 1934 0x000002cc2d990510 code [0x000002cc2d9906c0, 0x000002cc2d990888]
Event: 75.867 Thread 0x000002cc29afd5b0 1935       3       java.util.concurrent.atomic.AtomicInteger::incrementAndGet (14 bytes)
Event: 75.887 Thread 0x000002cc29afd5b0 nmethod 1935 0x000002cc2d990990 code [0x000002cc2d990b20, 0x000002cc2d990c38]
Event: 75.963 Thread 0x000002cc29afd5b0 1936       1       java.util.concurrent.locks.AbstractOwnableSynchronizer::setExclusiveOwnerThread (6 bytes)
Event: 75.966 Thread 0x000002cc29afd5b0 nmethod 1936 0x000002cc35187290 code [0x000002cc35187420, 0x000002cc351874f8]
Event: 76.418 Thread 0x000002cc29afd5b0 1937       3       java.lang.Thread::interrupted (23 bytes)
Event: 76.419 Thread 0x000002cc29afd5b0 nmethod 1937 0x000002cc2d990d10 code [0x000002cc2d990ec0, 0x000002cc2d991048]
Event: 76.842 Thread 0x000002cc29afd5b0 1938       3       java.util.concurrent.atomic.AtomicIntegerFieldUpdater$AtomicIntegerFieldUpdaterImpl::get (17 bytes)
Event: 76.842 Thread 0x000002cc29afd5b0 nmethod 1938 0x000002cc2d991110 code [0x000002cc2d9912c0, 0x000002cc2d9914e8]
Event: 77.172 Thread 0x000002cc29afd5b0 1939       3       java.lang.invoke.MethodType::dropParameterTypes (162 bytes)

GC Heap History (16 events):
Event: 2.515 GC heap before
{Heap before GC invocations=0 (full 0):
 def new generation   total 6784K, used 6080K [0x00000000ea800000, 0x00000000eaf50000, 0x00000000f1aa0000)
  eden space 6080K, 100% used [0x00000000ea800000, 0x00000000eadf0000, 0x00000000eadf0000)
  from space 704K,   0% used [0x00000000eadf0000, 0x00000000eadf0000, 0x00000000eaea0000)
  to   space 704K,   0% used [0x00000000eaea0000, 0x00000000eaea0000, 0x00000000eaf50000)
 tenured generation   total 15040K, used 0K [0x00000000f1aa0000, 0x00000000f2950000, 0x0000000100000000)
   the space 15040K,   0% used [0x00000000f1aa0000, 0x00000000f1aa0000, 0x00000000f1aa0200, 0x00000000f2950000)
 Metaspace       used 7347K, committed 7488K, reserved 1114112K
  class space    used 626K, committed 704K, reserved 1048576K
}
Event: 2.537 GC heap after
{Heap after GC invocations=1 (full 0):
 def new generation   total 6784K, used 703K [0x00000000ea800000, 0x00000000eaf50000, 0x00000000f1aa0000)
  eden space 6080K,   0% used [0x00000000ea800000, 0x00000000ea800000, 0x00000000eadf0000)
  from space 704K,  99% used [0x00000000eaea0000, 0x00000000eaf4fff8, 0x00000000eaf50000)
  to   space 704K,   0% used [0x00000000eadf0000, 0x00000000eadf0000, 0x00000000eaea0000)
 tenured generation   total 15040K, used 2361K [0x00000000f1aa0000, 0x00000000f2950000, 0x0000000100000000)
   the space 15040K,  15% used [0x00000000f1aa0000, 0x00000000f1cee6c0, 0x00000000f1cee800, 0x00000000f2950000)
 Metaspace       used 7347K, committed 7488K, reserved 1114112K
  class space    used 626K, committed 704K, reserved 1048576K
}
Event: 5.205 GC heap before
{Heap before GC invocations=1 (full 0):
 def new generation   total 6784K, used 6783K [0x00000000ea800000, 0x00000000eaf50000, 0x00000000f1aa0000)
  eden space 6080K, 100% used [0x00000000ea800000, 0x00000000eadf0000, 0x00000000eadf0000)
  from space 704K,  99% used [0x00000000eaea0000, 0x00000000eaf4fff8, 0x00000000eaf50000)
  to   space 704K,   0% used [0x00000000eadf0000, 0x00000000eadf0000, 0x00000000eaea0000)
 tenured generation   total 15040K, used 2361K [0x00000000f1aa0000, 0x00000000f2950000, 0x0000000100000000)
   the space 15040K,  15% used [0x00000000f1aa0000, 0x00000000f1cee6c0, 0x00000000f1cee800, 0x00000000f2950000)
 Metaspace       used 11354K, committed 11520K, reserved 1114112K
  class space    used 1067K, committed 1152K, reserved 1048576K
}
Event: 5.212 GC heap after
{Heap after GC invocations=2 (full 0):
 def new generation   total 6784K, used 703K [0x00000000ea800000, 0x00000000eaf50000, 0x00000000f1aa0000)
  eden space 6080K,   0% used [0x00000000ea800000, 0x00000000ea800000, 0x00000000eadf0000)
  from space 704K,  99% used [0x00000000eadf0000, 0x00000000eae9fff8, 0x00000000eaea0000)
  to   space 704K,   0% used [0x00000000eaea0000, 0x00000000eaea0000, 0x00000000eaf50000)
 tenured generation   total 15040K, used 4112K [0x00000000f1aa0000, 0x00000000f2950000, 0x0000000100000000)
   the space 15040K,  27% used [0x00000000f1aa0000, 0x00000000f1ea4068, 0x00000000f1ea4200, 0x00000000f2950000)
 Metaspace       used 11354K, committed 11520K, reserved 1114112K
  class space    used 1067K, committed 1152K, reserved 1048576K
}
Event: 6.905 GC heap before
{Heap before GC invocations=2 (full 0):
 def new generation   total 6784K, used 6783K [0x00000000ea800000, 0x00000000eaf50000, 0x00000000f1aa0000)
  eden space 6080K,  99% used [0x00000000ea800000, 0x00000000eadeffe0, 0x00000000eadf0000)
  from space 704K,  99% used [0x00000000eadf0000, 0x00000000eae9fff8, 0x00000000eaea0000)
  to   space 704K,   0% used [0x00000000eaea0000, 0x00000000eaea0000, 0x00000000eaf50000)
 tenured generation   total 15040K, used 4112K [0x00000000f1aa0000, 0x00000000f2950000, 0x0000000100000000)
   the space 15040K,  27% used [0x00000000f1aa0000, 0x00000000f1ea4068, 0x00000000f1ea4200, 0x00000000f2950000)
 Metaspace       used 13581K, committed 13824K, reserved 1114112K
  class space    used 1328K, committed 1472K, reserved 1048576K
}
Event: 6.911 GC heap after
{Heap after GC invocations=3 (full 0):
 def new generation   total 6784K, used 367K [0x00000000ea800000, 0x00000000eaf50000, 0x00000000f1aa0000)
  eden space 6080K,   0% used [0x00000000ea800000, 0x00000000ea800000, 0x00000000eadf0000)
  from space 704K,  52% used [0x00000000eaea0000, 0x00000000eaefbf58, 0x00000000eaf50000)
  to   space 704K,   0% used [0x00000000eadf0000, 0x00000000eadf0000, 0x00000000eaea0000)
 tenured generation   total 15040K, used 4809K [0x00000000f1aa0000, 0x00000000f2950000, 0x0000000100000000)
   the space 15040K,  31% used [0x00000000f1aa0000, 0x00000000f1f52640, 0x00000000f1f52800, 0x00000000f2950000)
 Metaspace       used 13581K, committed 13824K, reserved 1114112K
  class space    used 1328K, committed 1472K, reserved 1048576K
}
Event: 7.669 GC heap before
{Heap before GC invocations=3 (full 0):
 def new generation   total 6784K, used 6430K [0x00000000ea800000, 0x00000000eaf50000, 0x00000000f1aa0000)
  eden space 6080K,  99% used [0x00000000ea800000, 0x00000000eadeb968, 0x00000000eadf0000)
  from space 704K,  52% used [0x00000000eaea0000, 0x00000000eaefbf58, 0x00000000eaf50000)
  to   space 704K,   0% used [0x00000000eadf0000, 0x00000000eadf0000, 0x00000000eaea0000)
 tenured generation   total 15040K, used 4809K [0x00000000f1aa0000, 0x00000000f2950000, 0x0000000100000000)
   the space 15040K,  31% used [0x00000000f1aa0000, 0x00000000f1f52640, 0x00000000f1f52800, 0x00000000f2950000)
 Metaspace       used 15342K, committed 15616K, reserved 1114112K
  class space    used 1544K, committed 1664K, reserved 1048576K
}
Event: 7.680 GC heap after
{Heap after GC invocations=4 (full 0):
 def new generation   total 6784K, used 432K [0x00000000ea800000, 0x00000000eaf50000, 0x00000000f1aa0000)
  eden space 6080K,   0% used [0x00000000ea800000, 0x00000000ea800000, 0x00000000eadf0000)
  from space 704K,  61% used [0x00000000eadf0000, 0x00000000eae5c028, 0x00000000eaea0000)
  to   space 704K,   0% used [0x00000000eaea0000, 0x00000000eaea0000, 0x00000000eaf50000)
 tenured generation   total 15040K, used 5155K [0x00000000f1aa0000, 0x00000000f2950000, 0x0000000100000000)
   the space 15040K,  34% used [0x00000000f1aa0000, 0x00000000f1fa8dd0, 0x00000000f1fa8e00, 0x00000000f2950000)
 Metaspace       used 15342K, committed 15616K, reserved 1114112K
  class space    used 1544K, committed 1664K, reserved 1048576K
}
Event: 51.783 GC heap before
{Heap before GC invocations=4 (full 0):
 def new generation   total 6784K, used 6512K [0x00000000ea800000, 0x00000000eaf50000, 0x00000000f1aa0000)
  eden space 6080K, 100% used [0x00000000ea800000, 0x00000000eadf0000, 0x00000000eadf0000)
  from space 704K,  61% used [0x00000000eadf0000, 0x00000000eae5c028, 0x00000000eaea0000)
  to   space 704K,   0% used [0x00000000eaea0000, 0x00000000eaea0000, 0x00000000eaf50000)
 tenured generation   total 15040K, used 5155K [0x00000000f1aa0000, 0x00000000f2950000, 0x0000000100000000)
   the space 15040K,  34% used [0x00000000f1aa0000, 0x00000000f1fa8dd0, 0x00000000f1fa8e00, 0x00000000f2950000)
 Metaspace       used 17303K, committed 17536K, reserved 1114112K
  class space    used 1809K, committed 1920K, reserved 1048576K
}
Event: 52.036 GC heap after
{Heap after GC invocations=5 (full 0):
 def new generation   total 6784K, used 340K [0x00000000ea800000, 0x00000000eaf50000, 0x00000000f1aa0000)
  eden space 6080K,   0% used [0x00000000ea800000, 0x00000000ea800000, 0x00000000eadf0000)
  from space 704K,  48% used [0x00000000eaea0000, 0x00000000eaef5068, 0x00000000eaf50000)
  to   space 704K,   0% used [0x00000000eadf0000, 0x00000000eadf0000, 0x00000000eaea0000)
 tenured generation   total 15040K, used 5492K [0x00000000f1aa0000, 0x00000000f2950000, 0x0000000100000000)
   the space 15040K,  36% used [0x00000000f1aa0000, 0x00000000f1ffd178, 0x00000000f1ffd200, 0x00000000f2950000)
 Metaspace       used 17303K, committed 17536K, reserved 1114112K
  class space    used 1809K, committed 1920K, reserved 1048576K
}
Event: 54.574 GC heap before
{Heap before GC invocations=5 (full 0):
 def new generation   total 6784K, used 6420K [0x00000000ea800000, 0x00000000eaf50000, 0x00000000f1aa0000)
  eden space 6080K, 100% used [0x00000000ea800000, 0x00000000eadf0000, 0x00000000eadf0000)
  from space 704K,  48% used [0x00000000eaea0000, 0x00000000eaef5068, 0x00000000eaf50000)
  to   space 704K,   0% used [0x00000000eadf0000, 0x00000000eadf0000, 0x00000000eaea0000)
 tenured generation   total 15040K, used 5492K [0x00000000f1aa0000, 0x00000000f2950000, 0x0000000100000000)
   the space 15040K,  36% used [0x00000000f1aa0000, 0x00000000f1ffd178, 0x00000000f1ffd200, 0x00000000f2950000)
 Metaspace       used 20184K, committed 20416K, reserved 1114112K
  class space    used 2149K, committed 2240K, reserved 1048576K
}
Event: 54.634 GC heap after
{Heap after GC invocations=6 (full 0):
 def new generation   total 6784K, used 703K [0x00000000ea800000, 0x00000000eaf50000, 0x00000000f1aa0000)
  eden space 6080K,   0% used [0x00000000ea800000, 0x00000000ea800000, 0x00000000eadf0000)
  from space 704K,  99% used [0x00000000eadf0000, 0x00000000eae9fff8, 0x00000000eaea0000)
  to   space 704K,   0% used [0x00000000eaea0000, 0x00000000eaea0000, 0x00000000eaf50000)
 tenured generation   total 15040K, used 6038K [0x00000000f1aa0000, 0x00000000f2950000, 0x0000000100000000)
   the space 15040K,  40% used [0x00000000f1aa0000, 0x00000000f2085af0, 0x00000000f2085c00, 0x00000000f2950000)
 Metaspace       used 20184K, committed 20416K, reserved 1114112K
  class space    used 2149K, committed 2240K, reserved 1048576K
}
Event: 55.086 GC heap before
{Heap before GC invocations=6 (full 0):
 def new generation   total 6784K, used 6257K [0x00000000ea800000, 0x00000000eaf50000, 0x00000000f1aa0000)
  eden space 6080K,  91% used [0x00000000ea800000, 0x00000000ead6c4f0, 0x00000000eadf0000)
  from space 704K,  99% used [0x00000000eadf0000, 0x00000000eae9fff8, 0x00000000eaea0000)
  to   space 704K,   0% used [0x00000000eaea0000, 0x00000000eaea0000, 0x00000000eaf50000)
 tenured generation   total 15040K, used 6038K [0x00000000f1aa0000, 0x00000000f2950000, 0x0000000100000000)
   the space 15040K,  40% used [0x00000000f1aa0000, 0x00000000f2085af0, 0x00000000f2085c00, 0x00000000f2950000)
 Metaspace       used 21240K, committed 21504K, reserved 1114112K
  class space    used 2240K, committed 2368K, reserved 1048576K
}
Event: 55.446 GC heap after
{Heap after GC invocations=7 (full 1):
 def new generation   total 6848K, used 0K [0x00000000ea800000, 0x00000000eaf60000, 0x00000000f1aa0000)
  eden space 6144K,   0% used [0x00000000ea800000, 0x00000000ea800000, 0x00000000eae00000)
  from space 704K,   0% used [0x00000000eae00000, 0x00000000eae00000, 0x00000000eaeb0000)
  to   space 704K,   0% used [0x00000000eaeb0000, 0x00000000eaeb0000, 0x00000000eaf60000)
 tenured generation   total 15040K, used 7787K [0x00000000f1aa0000, 0x00000000f2950000, 0x0000000100000000)
   the space 15040K,  51% used [0x00000000f1aa0000, 0x00000000f223af58, 0x00000000f223b000, 0x00000000f2950000)
 Metaspace       used 21240K, committed 21504K, reserved 1114112K
  class space    used 2240K, committed 2368K, reserved 1048576K
}
Event: 57.259 GC heap before
{Heap before GC invocations=7 (full 1):
 def new generation   total 6848K, used 6144K [0x00000000ea800000, 0x00000000eaf60000, 0x00000000f1aa0000)
  eden space 6144K, 100% used [0x00000000ea800000, 0x00000000eae00000, 0x00000000eae00000)
  from space 704K,   0% used [0x00000000eae00000, 0x00000000eae00000, 0x00000000eaeb0000)
  to   space 704K,   0% used [0x00000000eaeb0000, 0x00000000eaeb0000, 0x00000000eaf60000)
 tenured generation   total 15040K, used 7787K [0x00000000f1aa0000, 0x00000000f2950000, 0x0000000100000000)
   the space 15040K,  51% used [0x00000000f1aa0000, 0x00000000f223af58, 0x00000000f223b000, 0x00000000f2950000)
 Metaspace       used 23991K, committed 24256K, reserved 1114112K
  class space    used 2568K, committed 2688K, reserved 1048576K
}
Event: 57.276 GC heap after
{Heap after GC invocations=8 (full 1):
 def new generation   total 6848K, used 511K [0x00000000ea800000, 0x00000000eaf60000, 0x00000000f1aa0000)
  eden space 6144K,   0% used [0x00000000ea800000, 0x00000000ea800000, 0x00000000eae00000)
  from space 704K,  72% used [0x00000000eaeb0000, 0x00000000eaf2fd18, 0x00000000eaf60000)
  to   space 704K,   0% used [0x00000000eae00000, 0x00000000eae00000, 0x00000000eaeb0000)
 tenured generation   total 15040K, used 7787K [0x00000000f1aa0000, 0x00000000f2950000, 0x0000000100000000)
   the space 15040K,  51% used [0x00000000f1aa0000, 0x00000000f223af58, 0x00000000f223b000, 0x00000000f2950000)
 Metaspace       used 23991K, committed 24256K, reserved 1114112K
  class space    used 2568K, committed 2688K, reserved 1048576K
}

Dll operation events (9 events):
Event: 0.207 Loaded shared library C:\Users\Administrator.SERI\.p2\pool\plugins\org.eclipse.justj.openjdk.hotspot.jre.full.win32.x86_64_17.0.7.v20230425-1502\jre\bin\java.dll
Event: 1.245 Loaded shared library C:\Users\Administrator.SERI\.p2\pool\plugins\org.eclipse.justj.openjdk.hotspot.jre.full.win32.x86_64_17.0.7.v20230425-1502\jre\bin\net.dll
Event: 1.278 Loaded shared library C:\Users\Administrator.SERI\.p2\pool\plugins\org.eclipse.justj.openjdk.hotspot.jre.full.win32.x86_64_17.0.7.v20230425-1502\jre\bin\nio.dll
Event: 1.309 Loaded shared library C:\Users\Administrator.SERI\.p2\pool\plugins\org.eclipse.justj.openjdk.hotspot.jre.full.win32.x86_64_17.0.7.v20230425-1502\jre\bin\zip.dll
Event: 1.687 Loaded shared library C:\Users\Administrator.SERI\.p2\pool\plugins\org.eclipse.justj.openjdk.hotspot.jre.full.win32.x86_64_17.0.7.v20230425-1502\jre\bin\jimage.dll
Event: 2.978 Loaded shared library C:\Users\Administrator.SERI\.p2\pool\plugins\org.eclipse.justj.openjdk.hotspot.jre.full.win32.x86_64_17.0.7.v20230425-1502\jre\bin\verify.dll
Event: 52.798 Loaded shared library C:\Users\Administrator.SERI\.p2\pool\plugins\org.eclipse.justj.openjdk.hotspot.jre.full.win32.x86_64_17.0.7.v20230425-1502\jre\bin\management.dll
Event: 53.060 Loaded shared library C:\Users\Administrator.SERI\.p2\pool\plugins\org.eclipse.justj.openjdk.hotspot.jre.full.win32.x86_64_17.0.7.v20230425-1502\jre\bin\management_ext.dll
Event: 55.897 Loaded shared library C:\Users\Administrator.SERI\.p2\pool\plugins\org.eclipse.justj.openjdk.hotspot.jre.full.win32.x86_64_17.0.7.v20230425-1502\jre\bin\sunmscapi.dll

Deoptimization events (20 events):
Event: 50.996 Thread 0x000002cc29f882e0 DEOPT PACKING pc=0x000002cc2d6cbce8 sp=0x000000fa901fc1e0
Event: 51.002 Thread 0x000002cc29f882e0 DEOPT UNPACKING pc=0x000002cc34ba6e43 sp=0x000000fa901fb670 mode 0
Event: 51.005 Thread 0x000002cc29f882e0 DEOPT PACKING pc=0x000002cc2d6e57bc sp=0x000000fa901fc120
Event: 51.005 Thread 0x000002cc29f882e0 DEOPT UNPACKING pc=0x000002cc34ba6e43 sp=0x000000fa901fb5d0 mode 0
Event: 54.930 Thread 0x000002cc29f882e0 DEOPT PACKING pc=0x000002cc2d91d73e sp=0x000000fa901fbd70
Event: 54.930 Thread 0x000002cc29f882e0 DEOPT UNPACKING pc=0x000002cc34ba6e43 sp=0x000000fa901fb1f0 mode 0
Event: 54.933 Thread 0x000002cc29f882e0 DEOPT PACKING pc=0x000002cc2d91d73e sp=0x000000fa901fbd60
Event: 54.933 Thread 0x000002cc29f882e0 DEOPT UNPACKING pc=0x000002cc34ba6e43 sp=0x000000fa901fb1e0 mode 0
Event: 55.599 Thread 0x000002cc29f882e0 Uncommon trap: trap_request=0xffffff45 fr.pc=0x000002cc3516a748 relative=0x00000000000001c8
Event: 55.599 Thread 0x000002cc29f882e0 Uncommon trap: reason=unstable_if action=reinterpret pc=0x000002cc3516a748 method=java.util.HashMap.putVal(ILjava/lang/Object;Ljava/lang/Object;ZZ)Ljava/lang/Object; @ 162 c2
Event: 55.599 Thread 0x000002cc29f882e0 DEOPT PACKING pc=0x000002cc3516a748 sp=0x000000fa901f9060
Event: 55.601 Thread 0x000002cc29f882e0 DEOPT UNPACKING pc=0x000002cc34ba66a3 sp=0x000000fa901f8f68 mode 2
Event: 55.937 Thread 0x000002cc29f882e0 Uncommon trap: trap_request=0xffffff45 fr.pc=0x000002cc35166f68 relative=0x0000000000000188
Event: 55.937 Thread 0x000002cc29f882e0 Uncommon trap: reason=unstable_if action=reinterpret pc=0x000002cc35166f68 method=java.util.HashMap.putVal(ILjava/lang/Object;Ljava/lang/Object;ZZ)Ljava/lang/Object; @ 162 c2
Event: 55.937 Thread 0x000002cc29f882e0 DEOPT PACKING pc=0x000002cc35166f68 sp=0x000000fa901f9520
Event: 55.937 Thread 0x000002cc29f882e0 DEOPT UNPACKING pc=0x000002cc34ba66a3 sp=0x000000fa901f9490 mode 2
Event: 57.671 Thread 0x000002cc29f882e0 Uncommon trap: trap_request=0xffffff45 fr.pc=0x000002cc3514b09c relative=0x000000000000047c
Event: 57.671 Thread 0x000002cc29f882e0 Uncommon trap: reason=unstable_if action=reinterpret pc=0x000002cc3514b09c method=java.lang.String.replace(CC)Ljava/lang/String; @ 2 c2
Event: 57.671 Thread 0x000002cc29f882e0 DEOPT PACKING pc=0x000002cc3514b09c sp=0x000000fa901fd860
Event: 57.671 Thread 0x000002cc29f882e0 DEOPT UNPACKING pc=0x000002cc34ba66a3 sp=0x000000fa901fd810 mode 2

Classes unloaded (0 events):
No events

Classes redefined (0 events):
No events

Internal exceptions (20 events):
Event: 7.910 Thread 0x000002cc29f882e0 Exception <a 'java/net/SocketException'{0x00000000ea9a8500}: Socket is not connected: shutdown> (0x00000000ea9a8500) 
thrown [s\src\hotspot\share\prims\jni.cpp, line 535]
Event: 7.911 Thread 0x000002cc29f882e0 Exception <a 'java/net/SocketException'{0x00000000ea9a8e20}: Socket is not connected: shutdown> (0x00000000ea9a8e20) 
thrown [s\src\hotspot\share\prims\jni.cpp, line 535]
Event: 8.141 Thread 0x000002cc29f882e0 Exception <a 'sun/nio/fs/WindowsException'{0x00000000eaa18170}> (0x00000000eaa18170) 
thrown [s\src\hotspot\share\prims\jni.cpp, line 516]
Event: 20.218 Thread 0x000002cc29f882e0 Exception <a 'java/lang/NoSuchMethodError'{0x00000000eaa1cb60}: 'void java.lang.invoke.DirectMethodHandle$Holder.invokeStatic(java.lang.Object, long)'> (0x00000000eaa1cb60) 
thrown [s\src\hotspot\share\interpreter\linkResolver.cpp, line 759]
Event: 21.622 Thread 0x000002cc29f882e0 Exception <a 'java/lang/NoSuchMethodError'{0x00000000eaa221b0}: 'java.lang.Object java.lang.invoke.DirectMethodHandle$Holder.newInvokeSpecial(java.lang.Object, long)'> (0x00000000eaa221b0) 
thrown [s\src\hotspot\share\interpreter\linkResolver.cpp, line 759]
Event: 23.171 Thread 0x000002cc29f882e0 Exception <a 'java/lang/NoSuchMethodError'{0x00000000eaa28d98}: 'java.lang.Object java.lang.invoke.DirectMethodHandle$Holder.invokeStatic(java.lang.Object, java.lang.Object, long, java.lang.Object)'> (0x00000000eaa28d98) 
thrown [s\src\hotspot\share\interpreter\linkResolver.cpp, line 759]
Event: 23.208 Thread 0x000002cc29f882e0 Exception <a 'java/lang/NoSuchMethodError'{0x00000000eaa2c830}: 'java.lang.Object java.lang.invoke.DirectMethodHandle$Holder.invokeStaticInit(java.lang.Object, java.lang.Object, long, java.lang.Object)'> (0x00000000eaa2c830) 
thrown [s\src\hotspot\share\interpreter\linkResolver.cpp, line 759]
Event: 23.264 Thread 0x000002cc29f882e0 Exception <a 'java/lang/NoSuchMethodError'{0x00000000eaa32e40}: 'java.lang.Object java.lang.invoke.DirectMethodHandle$Holder.newInvokeSpecial(java.lang.Object, java.lang.Object, long)'> (0x00000000eaa32e40) 
thrown [s\src\hotspot\share\interpreter\linkResolver.cpp, line 759]
Event: 50.544 Thread 0x000002cc29f882e0 Exception <a 'java/lang/NoSuchMethodError'{0x00000000eac4f350}: 'void java.lang.invoke.DirectMethodHandle$Holder.invokeStaticInit(java.lang.Object, java.lang.Object)'> (0x00000000eac4f350) 
thrown [s\src\hotspot\share\interpreter\linkResolver.cpp, line 759]
Event: 52.041 Thread 0x000002cc29f882e0 Exception <a 'java/lang/NoClassDefFoundError'{0x00000000eaeae3e8}> (0x00000000eaeae3e8) 
thrown [s\src\hotspot\share\oops\instanceKlass.cpp, line 1218]
Event: 52.048 Thread 0x000002cc29f882e0 Exception <a 'java/lang/NoClassDefFoundError'{0x00000000ea80b990}: org/apache/logging/log4j/spi/ExtendedLoggerWrapper> (0x00000000ea80b990) 
thrown [s\src\hotspot\share\classfile\systemDictionary.cpp, line 245]
Event: 52.052 Thread 0x000002cc29f882e0 Exception <a 'java/lang/NoClassDefFoundError'{0x00000000ea8177c8}: org/apache/log4j/Priority> (0x00000000ea8177c8) 
thrown [s\src\hotspot\share\classfile\systemDictionary.cpp, line 245]
Event: 54.252 Thread 0x000002cc29f882e0 Exception <a 'sun/nio/fs/WindowsException'{0x00000000ead3a4f0}> (0x00000000ead3a4f0) 
thrown [s\src\hotspot\share\prims\jni.cpp, line 516]
Event: 54.389 Thread 0x000002cc29f882e0 Exception <a 'java/lang/NoSuchMethodError'{0x00000000ead5a050}: 'int java.lang.invoke.DirectMethodHandle$Holder.invokeStaticInit(java.lang.Object, java.lang.Object, java.lang.Object, java.lang.Object)'> (0x00000000ead5a050) 
thrown [s\src\hotspot\share\interpreter\linkResolver.cpp, line 759]
Event: 57.321 Thread 0x000002cc29f882e0 Exception <a 'java/lang/NoSuchMethodError'{0x00000000ea880140}: 'java.lang.Object java.lang.invoke.DirectMethodHandle$Holder.invokeSpecialIFC(java.lang.Object, java.lang.Object, java.lang.Object, java.lang.Object)'> (0x00000000ea880140) 
thrown [s\src\hotspot\share\interpreter\linkResolver.cpp, line 759]
Event: 57.505 Thread 0x000002cc29f882e0 Exception <a 'java/lang/NoSuchMethodError'{0x00000000ea977bf8}: 'java.lang.Object java.lang.invoke.DirectMethodHandle$Holder.invokeInterface(java.lang.Object, java.lang.Object, java.lang.Object, java.lang.Object)'> (0x00000000ea977bf8) 
thrown [s\src\hotspot\share\interpreter\linkResolver.cpp, line 759]
Event: 57.523 Thread 0x000002cc29f882e0 Exception <a 'java/lang/NoSuchMethodError'{0x00000000ea984178}: 'void java.lang.invoke.DirectMethodHandle$Holder.invokeInterface(java.lang.Object, java.lang.Object, java.lang.Object)'> (0x00000000ea984178) 
thrown [s\src\hotspot\share\interpreter\linkResolver.cpp, line 759]
Event: 57.531 Thread 0x000002cc29f882e0 Exception <a 'java/lang/NoSuchMethodError'{0x00000000ea998a58}: 'java.lang.Object java.lang.invoke.DirectMethodHandle$Holder.invokeInterface(java.lang.Object, java.lang.Object, java.lang.Object)'> (0x00000000ea998a58) 
thrown [s\src\hotspot\share\interpreter\linkResolver.cpp, line 759]
Event: 57.531 Thread 0x000002cc29f882e0 Exception <a 'java/lang/IncompatibleClassChangeError'{0x00000000ea99c3e0}: Found class java.lang.Object, but interface was expected> (0x00000000ea99c3e0) 
thrown [s\src\hotspot\share\interpreter\linkResolver.cpp, line 826]
Event: 57.536 Thread 0x000002cc29f882e0 Exception <a 'java/lang/NoSuchMethodError'{0x00000000ea9a4bf0}: 'int java.lang.invoke.DirectMethodHandle$Holder.invokeSpecialIFC(java.lang.Object, java.lang.Object, java.lang.Object, java.lang.Object)'> (0x00000000ea9a4bf0) 
thrown [s\src\hotspot\share\interpreter\linkResolver.cpp, line 759]

VM Operations (20 events):
Event: 53.128 Executing VM operation: Cleanup
Event: 53.145 Executing VM operation: Cleanup done
Event: 53.887 Executing VM operation: HandshakeAllThreads
Event: 53.887 Executing VM operation: HandshakeAllThreads done
Event: 54.570 Executing VM operation: GenCollectForAllocation
Event: 54.637 Executing VM operation: GenCollectForAllocation done
Event: 55.086 Executing VM operation: CollectForMetadataAllocation
Event: 55.449 Executing VM operation: CollectForMetadataAllocation done
Event: 56.668 Executing VM operation: HandshakeAllThreads
Event: 56.669 Executing VM operation: HandshakeAllThreads done
Event: 56.669 Executing VM operation: Cleanup
Event: 56.669 Executing VM operation: Cleanup done
Event: 56.805 Executing VM operation: HandshakeAllThreads
Event: 56.805 Executing VM operation: HandshakeAllThreads done
Event: 57.259 Executing VM operation: GenCollectForAllocation
Event: 57.276 Executing VM operation: GenCollectForAllocation done
Event: 58.276 Executing VM operation: Cleanup
Event: 58.276 Executing VM operation: Cleanup done
Event: 75.286 Executing VM operation: Cleanup
Event: 75.318 Executing VM operation: Cleanup done

Events (20 events):
Event: 75.033 loading class java/util/concurrent/CompletionStage done
Event: 75.060 loading class java/util/concurrent/CompletableFuture done
Event: 75.087 loading class java/util/concurrent/CompletableFuture$AltResult
Event: 75.113 loading class java/util/concurrent/CompletableFuture$AltResult done
Event: 75.226 loading class java/util/concurrent/CompletableFuture$Completion
Event: 75.267 loading class java/util/concurrent/CompletableFuture$AsynchronousCompletionTask
Event: 75.283 loading class java/util/concurrent/CompletableFuture$AsynchronousCompletionTask done
Event: 75.294 loading class java/util/concurrent/CompletableFuture$Completion done
Event: 75.325 loading class java/util/concurrent/CompletableFuture$AsyncSupply
Event: 75.338 loading class java/util/concurrent/CompletableFuture$AsyncSupply done
Event: 75.385 loading class java/util/concurrent/ThreadPoolExecutor$Worker
Event: 75.487 loading class java/util/concurrent/ThreadPoolExecutor$Worker done
Event: 75.736 loading class java/lang/Thread$State
Event: 75.775 loading class java/lang/Thread$State done
Event: 75.858 Thread 0x000002cc4121be50 Thread added: 0x000002cc4121be50
Event: 75.949 Thread 0x000002cc4121d190 Thread added: 0x000002cc4121d190
Event: 75.949 loading class java/util/concurrent/CompletableFuture$AnyOf
Event: 75.991 loading class java/util/concurrent/CompletableFuture$AnyOf done
Event: 76.191 loading class java/util/concurrent/CompletableFuture$Signaller
Event: 76.252 loading class java/util/concurrent/CompletableFuture$Signaller done


Dynamic libraries:
0x00007ff6a1280000 - 0x00007ff6a128e000 	C:\Users\Administrator.SERI\.p2\pool\plugins\org.eclipse.justj.openjdk.hotspot.jre.full.win32.x86_64_17.0.7.v20230425-1502\jre\bin\javaw.exe
0x00007ffa91a20000 - 0x00007ffa91c0e000 	C:\WINDOWS\SYSTEM32\ntdll.dll
0x00007ffa911f0000 - 0x00007ffa912a3000 	C:\WINDOWS\System32\KERNEL32.DLL
0x00007ffa8e400000 - 0x00007ffa8e69d000 	C:\WINDOWS\System32\KERNELBASE.dll
0x00007ffa8ea50000 - 0x00007ffa8eb4a000 	C:\WINDOWS\System32\ucrtbase.dll
0x00007ffa886e0000 - 0x00007ffa886f9000 	C:\Users\Administrator.SERI\.p2\pool\plugins\org.eclipse.justj.openjdk.hotspot.jre.full.win32.x86_64_17.0.7.v20230425-1502\jre\bin\VCRUNTIME140.dll
0x00007ffa89570000 - 0x00007ffa89587000 	C:\Users\Administrator.SERI\.p2\pool\plugins\org.eclipse.justj.openjdk.hotspot.jre.full.win32.x86_64_17.0.7.v20230425-1502\jre\bin\jli.dll
0x00007ffa8ed40000 - 0x00007ffa8eed8000 	C:\WINDOWS\System32\USER32.dll
0x00007ffa8ec30000 - 0x00007ffa8ec50000 	C:\WINDOWS\System32\win32u.dll
0x00007ffa8ed10000 - 0x00007ffa8ed39000 	C:\WINDOWS\System32\GDI32.dll
0x00007ffa8e8b0000 - 0x00007ffa8ea50000 	C:\WINDOWS\System32\gdi32full.dll
0x00007ffa76070000 - 0x00007ffa762e9000 	C:\WINDOWS\WinSxS\amd64_microsoft.windows.common-controls_6595b64144ccf1df_6.0.17763.3532_none_de70b8e0534bb89d\COMCTL32.dll
0x00007ffa8e780000 - 0x00007ffa8e820000 	C:\WINDOWS\System32\msvcp_win.dll
0x00007ffa91950000 - 0x00007ffa919ee000 	C:\WINDOWS\System32\msvcrt.dll
0x00007ffa8f570000 - 0x00007ffa8f89b000 	C:\WINDOWS\System32\combase.dll
0x00007ffa91820000 - 0x00007ffa9193d000 	C:\WINDOWS\System32\RPCRT4.dll
0x00007ffa8e820000 - 0x00007ffa8e8a2000 	C:\WINDOWS\System32\bcryptPrimitives.dll
0x00007ffa8f2d0000 - 0x00007ffa8f2fe000 	C:\WINDOWS\System32\IMM32.DLL
0x000002cc29630000 - 0x000002cc29644000 	C:\WINDOWS\System32\umppc16606.dll
0x00007ffa89560000 - 0x00007ffa8956c000 	C:\Users\Administrator.SERI\.p2\pool\plugins\org.eclipse.justj.openjdk.hotspot.jre.full.win32.x86_64_17.0.7.v20230425-1502\jre\bin\vcruntime140_1.dll
0x00007ffa69980000 - 0x00007ffa69a11000 	C:\Users\Administrator.SERI\.p2\pool\plugins\org.eclipse.justj.openjdk.hotspot.jre.full.win32.x86_64_17.0.7.v20230425-1502\jre\bin\msvcp140.dll
0x00007ffa600a0000 - 0x00007ffa60ce8000 	C:\Users\Administrator.SERI\.p2\pool\plugins\org.eclipse.justj.openjdk.hotspot.jre.full.win32.x86_64_17.0.7.v20230425-1502\jre\bin\server\jvm.dll
0x00007ffa8fa60000 - 0x00007ffa8fb07000 	C:\WINDOWS\System32\ADVAPI32.dll
0x00007ffa8ec50000 - 0x00007ffa8ecef000 	C:\WINDOWS\System32\sechost.dll
0x00007ffa7cf00000 - 0x00007ffa7cf09000 	C:\WINDOWS\SYSTEM32\WSOCK32.dll
0x00007ffa917b0000 - 0x00007ffa9181d000 	C:\WINDOWS\System32\WS2_32.dll
0x00007ffa8aea0000 - 0x00007ffa8aec4000 	C:\WINDOWS\SYSTEM32\WINMM.dll
0x00007ffa84e40000 - 0x00007ffa84e4a000 	C:\WINDOWS\SYSTEM32\VERSION.dll
0x00007ffa8ade0000 - 0x00007ffa8ae0d000 	C:\WINDOWS\SYSTEM32\WINMMBASE.dll
0x00007ffa8e6a0000 - 0x00007ffa8e6ea000 	C:\WINDOWS\System32\cfgmgr32.dll
0x00007ffa8d9e0000 - 0x00007ffa8d9f1000 	C:\WINDOWS\System32\kernel.appcore.dll
0x00007ffa6f0d0000 - 0x00007ffa6f0da000 	C:\Users\Administrator.SERI\.p2\pool\plugins\org.eclipse.justj.openjdk.hotspot.jre.full.win32.x86_64_17.0.7.v20230425-1502\jre\bin\jimage.dll
0x00007ffa7f190000 - 0x00007ffa7f37d000 	C:\WINDOWS\SYSTEM32\DBGHELP.DLL
0x00007ffa7f120000 - 0x00007ffa7f14a000 	C:\WINDOWS\SYSTEM32\dbgcore.DLL
0x00007ffa60020000 - 0x00007ffa60045000 	C:\Users\Administrator.SERI\.p2\pool\plugins\org.eclipse.justj.openjdk.hotspot.jre.full.win32.x86_64_17.0.7.v20230425-1502\jre\bin\java.dll
0x00007ffa60000000 - 0x00007ffa60018000 	C:\Users\Administrator.SERI\.p2\pool\plugins\org.eclipse.justj.openjdk.hotspot.jre.full.win32.x86_64_17.0.7.v20230425-1502\jre\bin\zip.dll
0x00007ffa8fc20000 - 0x00007ffa91116000 	C:\WINDOWS\System32\SHELL32.dll
0x00007ffa8f090000 - 0x00007ffa8f137000 	C:\WINDOWS\System32\shcore.dll
0x00007ffa8dcb0000 - 0x00007ffa8e3f9000 	C:\WINDOWS\System32\windows.storage.dll
0x00007ffa8da80000 - 0x00007ffa8daa3000 	C:\WINDOWS\System32\profapi.dll
0x00007ffa8da20000 - 0x00007ffa8da7d000 	C:\WINDOWS\System32\powrprof.dll
0x00007ffa8f300000 - 0x00007ffa8f352000 	C:\WINDOWS\System32\shlwapi.dll
0x00007ffa8e6f0000 - 0x00007ffa8e707000 	C:\WINDOWS\System32\cryptsp.dll
0x00007ffa5ff70000 - 0x00007ffa5ff89000 	C:\Users\Administrator.SERI\.p2\pool\plugins\org.eclipse.justj.openjdk.hotspot.jre.full.win32.x86_64_17.0.7.v20230425-1502\jre\bin\net.dll
0x00007ffa864e0000 - 0x00007ffa865df000 	C:\WINDOWS\SYSTEM32\WINHTTP.dll
0x00007ffa8d110000 - 0x00007ffa8d177000 	C:\WINDOWS\system32\mswsock.dll
0x00007ffa5fdb0000 - 0x00007ffa5fdc5000 	C:\Users\Administrator.SERI\.p2\pool\plugins\org.eclipse.justj.openjdk.hotspot.jre.full.win32.x86_64_17.0.7.v20230425-1502\jre\bin\nio.dll
0x00007ffa6ddb0000 - 0x00007ffa6ddc0000 	C:\Users\Administrator.SERI\.p2\pool\plugins\org.eclipse.justj.openjdk.hotspot.jre.full.win32.x86_64_17.0.7.v20230425-1502\jre\bin\verify.dll
0x00007ffa8ceb0000 - 0x00007ffa8cf76000 	C:\WINDOWS\SYSTEM32\DNSAPI.dll
0x00007ffa8f2b0000 - 0x00007ffa8f2b8000 	C:\WINDOWS\System32\NSI.dll
0x00007ffa8ce70000 - 0x00007ffa8cead000 	C:\WINDOWS\SYSTEM32\IPHLPAPI.DLL
0x00007ffa83ba0000 - 0x00007ffa83baa000 	C:\Windows\System32\rasadhlp.dll
0x00007ffa86a40000 - 0x00007ffa86ab9000 	C:\WINDOWS\System32\fwpuclnt.dll
0x00007ffa8ec00000 - 0x00007ffa8ec26000 	C:\WINDOWS\System32\bcrypt.dll
0x00007ffa8cce0000 - 0x00007ffa8cd13000 	C:\WINDOWS\system32\rsaenh.dll
0x00007ffa8d910000 - 0x00007ffa8d939000 	C:\WINDOWS\SYSTEM32\USERENV.dll
0x00007ffa8d360000 - 0x00007ffa8d36c000 	C:\WINDOWS\SYSTEM32\CRYPTBASE.dll
0x00007ffa86a20000 - 0x00007ffa86a36000 	C:\WINDOWS\SYSTEM32\dhcpcsvc6.DLL
0x00007ffa86a00000 - 0x00007ffa86a1c000 	C:\WINDOWS\SYSTEM32\dhcpcsvc.DLL
0x00007ffa8ae10000 - 0x00007ffa8ae9d000 	C:\WINDOWS\system32\apphelp.dll
0x00007ffa886d0000 - 0x00007ffa886d9000 	C:\Users\Administrator.SERI\.p2\pool\plugins\org.eclipse.justj.openjdk.hotspot.jre.full.win32.x86_64_17.0.7.v20230425-1502\jre\bin\management.dll
0x00007ffa886c0000 - 0x00007ffa886cb000 	C:\Users\Administrator.SERI\.p2\pool\plugins\org.eclipse.justj.openjdk.hotspot.jre.full.win32.x86_64_17.0.7.v20230425-1502\jre\bin\management_ext.dll
0x00007ffa91940000 - 0x00007ffa91948000 	C:\WINDOWS\System32\PSAPI.DLL
0x00007ffa86e90000 - 0x00007ffa86e9e000 	C:\Users\Administrator.SERI\.p2\pool\plugins\org.eclipse.justj.openjdk.hotspot.jre.full.win32.x86_64_17.0.7.v20230425-1502\jre\bin\sunmscapi.dll
0x00007ffa8dab0000 - 0x00007ffa8dca5000 	C:\WINDOWS\System32\CRYPT32.dll
0x00007ffa8da00000 - 0x00007ffa8da12000 	C:\WINDOWS\System32\MSASN1.dll
0x00007ffa8d4a0000 - 0x00007ffa8d4c6000 	C:\WINDOWS\SYSTEM32\ncrypt.dll
0x00007ffa8d460000 - 0x00007ffa8d49c000 	C:\WINDOWS\SYSTEM32\NTASN1.dll
0x00007ffa88670000 - 0x00007ffa88677000 	C:\WINDOWS\system32\wshunix.dll

dbghelp: loaded successfully - version: 4.0.5 - missing functions: none
symbol engine: initialized successfully - sym options: 0x614 - pdb path: .;C:\Users\Administrator.SERI\.p2\pool\plugins\org.eclipse.justj.openjdk.hotspot.jre.full.win32.x86_64_17.0.7.v20230425-1502\jre\bin;C:\WINDOWS\SYSTEM32;C:\WINDOWS\WinSxS\amd64_microsoft.windows.common-controls_6595b64144ccf1df_6.0.17763.3532_none_de70b8e0534bb89d;C:\Users\Administrator.SERI\.p2\pool\plugins\org.eclipse.justj.openjdk.hotspot.jre.full.win32.x86_64_17.0.7.v20230425-1502\jre\bin\server

VM Arguments:
jvm_args: -ea -Dfile.encoding=UTF-8 -XX:+ShowCodeDetailsInExceptionMessages 
java_command: org.testng.remote.RemoteTestNG -serport 51047 -protocol json -d C:\Users\Administrator.SERI\eclipse-workspace\IIQAutProject\test-output C:\Users\ADMINI~1.SER\AppData\Local\Temp\1\testng-eclipse-1151373153\testng-customsuite.xml
java_class_path (initial): C:\Users\Administrator.SERI\eclipse\java-2023-03\eclipse\configuration\org.eclipse.osgi\448\0\.cp\lib\testng-remote.jar;C:\Users\Administrator.SERI\eclipse-workspace\IIQAutProject\target\test-classes;C:\Users\Administrator.SERI\eclipse-workspace\IIQAutProject\target\classes;C:\Users\Administrator.SERI\.m2\repository\org\testng\testng\7.7.0\testng-7.7.0.jar;C:\Users\Administrator.SERI\.m2\repository\org\slf4j\slf4j-api\1.7.36\slf4j-api-1.7.36.jar;C:\Users\Administrator.SERI\.m2\repository\com\beust\jcommander\1.82\jcommander-1.82.jar;C:\Users\Administrator.SERI\.m2\repository\org\webjars\jquery\3.6.1\jquery-3.6.1.jar;C:\Users\Administrator.SERI\.m2\repository\org\seleniumhq\selenium\selenium-java\4.8.1\selenium-java-4.8.1.jar;C:\Users\Administrator.SERI\.m2\repository\org\seleniumhq\selenium\selenium-api\4.8.1\selenium-api-4.8.1.jar;C:\Users\Administrator.SERI\.m2\repository\org\seleniumhq\selenium\selenium-chrome-driver\4.8.1\selenium-chrome-driver-4.8.1.jar;C:\Users\Administrator.SERI\.m2\repository\com\google\auto\service\auto-service-annotations\1.0.1\auto-service-annotations-1.0.1.jar;C:\Users\Administrator.SERI\.m2\repository\com\google\auto\service\auto-service\1.0.1\auto-service-1.0.1.jar;C:\Users\Administrator.SERI\.m2\repository\com\google\auto\auto-common\1.2\auto-common-1.2.jar;C:\Users\Administrator.SERI\.m2\repository\com\google\guava\guava\31.1-jre\guava-31.1-jre.jar;C:\Users\Administrator.SERI\.m2\repository\com\google\guava\failureaccess\1.0.1\failureaccess-1.0.1.jar;C:\Users\Administrator.SERI\.m2\repository\com\google\guava\listenablefuture\9999.0-empty-to-avoid-conflict-with-guava\listenablefuture-9999.0-empty-to-avoid-conflict-with-guava.jar;C:\Users\Administrator.SERI\.m2\repository\com\google\code\findbugs\jsr305\3.0.2\jsr305-3.0.2.jar;C:\Users\Administrator.SERI\.m2\repository\org\checkerframework\checker-qual\3.12.0\checker-qual-3.12.0.jar;C:\Users\Administrator.SERI\.m2\repository\com\google\errorprone\error_pron
Launcher Type: SUN_STANDARD

[Global flags]
     intx CICompilerCount                          = 2                                         {product} {ergonomic}
   size_t InitialHeapSize                          = 23068672                                  {product} {ergonomic}
   size_t MaxHeapSize                              = 360710144                                 {product} {ergonomic}
   size_t MaxNewSize                               = 120193024                                 {product} {ergonomic}
   size_t MinHeapDeltaBytes                        = 196608                                    {product} {ergonomic}
   size_t MinHeapSize                              = 8388608                                   {product} {ergonomic}
   size_t NewSize                                  = 7667712                                   {product} {ergonomic}
    uintx NonNMethodCodeHeapSize                   = 5826188                                {pd product} {ergonomic}
    uintx NonProfiledCodeHeapSize                  = 122916026                              {pd product} {ergonomic}
   size_t OldSize                                  = 15400960                                  {product} {ergonomic}
    uintx ProfiledCodeHeapSize                     = 122916026                              {pd product} {ergonomic}
    uintx ReservedCodeCacheSize                    = 251658240                              {pd product} {ergonomic}
     bool SegmentedCodeCache                       = true                                      {product} {ergonomic}
     bool ShowCodeDetailsInExceptionMessages       = true                                   {manageable} {command line}
   size_t SoftMaxHeapSize                          = 360710144                              {manageable} {ergonomic}
     bool UseCompressedClassPointers               = true                           {product lp64_product} {ergonomic}
     bool UseCompressedOops                        = true                           {product lp64_product} {ergonomic}
     bool UseLargePagesIndividualAllocation        = false                                  {pd product} {ergonomic}
     bool UseSerialGC                              = true                                      {product} {ergonomic}

Logging:
Log output configuration:
 #0: stdout all=warning uptime,level,tags
 #1: stderr all=off uptime,level,tags

Environment Variables:
JAVA_HOME=C:\Program Files\AdoptOpenJDK\jdk-11.0.8.10-hotspot
PATH=C:/Users/Administrator.SERI/.p2/pool/plugins/org.eclipse.justj.openjdk.hotspot.jre.full.win32.x86_64_17.0.7.v20230425-1502/jre/bin/server;C:/Users/Administrator.SERI/.p2/pool/plugins/org.eclipse.justj.openjdk.hotspot.jre.full.win32.x86_64_17.0.7.v20230425-1502/jre/bin;C:\Program Files\AdoptOpenJDK\jdk-11.0.8.10-hotspot\bin;C:\Program Files\Common Files\Microsoft Shared\Microsoft Online Services;C:\Program Files (x86)\Common Files\Microsoft Shared\Microsoft Online Services;C:\WINDOWS\system32;C:\WINDOWS;C:\WINDOWS\System32\Wbem;C:\WINDOWS\System32\WindowsPowerShell\v1.0\;C:\Program Files\MySQL\MySQL Server 8.0\bin;C:\Program Files\Microsoft SQL Server\Client SDK\ODBC\130\Tools\Binn\;C:\Prog\apache-ant-1.10.9\bin;C:\WINDOWS\System32\OpenSSH\;C:\Prog\Tomcat-9.0.44-IdentityIQ\bin;C:\Program Files\Microsoft VS Code\bin;C:\Program Files\dotnet\;C:\Program Files (x86)\dotnet\;C:\Program Files\Amazon\AWSCLI\bin\;C:\Program Files (x86)\Microsoft SQL Server\150\DTS\Binn\;C:\Program Files\Azure Data Studio\bin;C:\Program Files\Microsoft SQL Server\Client SDK\ODBC\170\Tools\Binn\;C:\Program Files (x86)\Microsoft SQL Server\150\Tools\Binn\;C:\Program Files\Microsoft SQL Server\150\Tools\Binn\;C:\Program Files\Microsoft SQL Server\150\DTS\Binn\;C:\Prog\Tomcat-9.0.44-IdentityIQ\webapps\identityiq\WEB-INF\bin;C:\Users\Administrator.SERI\AppData\Local\Microsoft\WindowsApps;;C:\Program Files\Azure Data Studio\bin;C:\Users\Administrator.SERI\Desktop;
USERNAME=Administrator
OS=Windows_NT
PROCESSOR_IDENTIFIER=Intel64 Family 6 Model 140 Stepping 1, GenuineIntel
TMP=C:\Users\ADMINI~1.SER\AppData\Local\Temp\1
TEMP=C:\Users\ADMINI~1.SER\AppData\Local\Temp\1



---------------  S Y S T E M  ---------------

OS:
 Windows Server 2019 , 64 bit Build 17763 (10.0.17763.3287)
OS uptime: 0 days 0:15 hours

CPU: total 3 (initial active 3) (3 cores per cpu, 1 threads per core) family 6 model 140 stepping 1 microcode 0x0, cx8, cmov, fxsr, mmx, 3dnowpref, sse, sse2, sse3, ssse3, sse4.1, sse4.2, popcnt, lzcnt, tsc, tscinvbit, avx, avx2, aes, clmul, bmi1, bmi2, vzeroupper, clflush, clflushopt

Memory: 4k page, system-wide physical 1368M (63M free)
TotalPageFile size 5720M (AvailPageFile size 45M)
current process WorkingSet (physical memory assigned to process): 25M, peak: 67M
current process commit charge ("private bytes"): 77M, peak: 79M

vm_info: OpenJDK 64-Bit Server VM (17.0.7+7) for windows-amd64 JRE (17.0.7+7), built on Apr 18 2023 22:10:42 by "temurin" with MS VC++ 16.7 (VS2019)

END.
